[INFO  - 2019-05-18T08:31:27.484Z] GhostDriver - Main - running on port 50745
[INFO  - 2019-05-18T08:31:31.951Z] Session [56ec0ca0-7947-11e9-ae17-afec028e3f23] - page.settings - {"XSSAuditingEnabled":false,"javascriptCanCloseWindows":true,"javascriptCanOpenWindows":true,"javascriptEnabled":true,"loadImages":true,"localToRemoteUrlAccessEnabled":false,"userAgent":"Mozilla/5.0 (Windows NT 6.2; WOW64) AppleWebKit/538.1 (KHTML, like Gecko) PhantomJS/2.1.1 Safari/538.1","webSecurityEnabled":true}
[INFO  - 2019-05-18T08:31:31.951Z] Session [56ec0ca0-7947-11e9-ae17-afec028e3f23] - page.customHeaders:  - {}
[INFO  - 2019-05-18T08:31:31.951Z] Session [56ec0ca0-7947-11e9-ae17-afec028e3f23] - Session.negotiatedCapabilities - {"browserName":"phantomjs","version":"2.1.1","driverName":"ghostdriver","driverVersion":"1.2.0","platform":"windows-10-32bit","javascriptEnabled":true,"takesScreenshot":true,"handlesAlerts":false,"databaseEnabled":false,"locationContextEnabled":false,"applicationCacheEnabled":false,"browserConnectionEnabled":false,"cssSelectorsEnabled":true,"webStorageEnabled":false,"rotatable":false,"acceptSslCerts":false,"nativeEvents":true,"proxy":{"proxyType":"direct"}}
[INFO  - 2019-05-18T08:31:31.951Z] SessionManagerReqHand - _postNewSessionCommand - New Session Created: 56ec0ca0-7947-11e9-ae17-afec028e3f23
[ERROR - 2019-05-18T08:31:33.041Z] Session [56ec0ca0-7947-11e9-ae17-afec028e3f23] - page.onError - msg: TypeError: undefined is not a constructor (evaluating 'links.append(span)')

  phantomjs://platform/console++.js:263 in error
[ERROR - 2019-05-18T08:31:33.042Z] Session [56ec0ca0-7947-11e9-ae17-afec028e3f23] - page.onError - stack:
  global code (https://music.163.com/discover:3342)

  phantomjs://platform/console++.js:263 in error
[ERROR - 2019-05-18T08:31:33.399Z] Session [56ec0ca0-7947-11e9-ae17-afec028e3f23] - page.onError - msg: ReferenceError: Can't find variable: Set

  phantomjs://platform/console++.js:263 in error
[ERROR - 2019-05-18T08:31:33.399Z] Session [56ec0ca0-7947-11e9-ae17-afec028e3f23] - page.onError - stack:
  (anonymous function) (https://s5.music.126.net/static_public/5c51482cf8a93b7fc8cf42cb/vipcashier.55a4fc69829a3a06a5b9.umd.js:32)
  t (https://s5.music.126.net/static_public/5c51482cf8a93b7fc8cf42cb/vipcashier.55a4fc69829a3a06a5b9.umd.js:1)
  (anonymous function) (https://s5.music.126.net/static_public/5c51482cf8a93b7fc8cf42cb/vipcashier.55a4fc69829a3a06a5b9.umd.js:1)
  t (https://s5.music.126.net/static_public/5c51482cf8a93b7fc8cf42cb/vipcashier.55a4fc69829a3a06a5b9.umd.js:1)
  (anonymous function) (https://s5.music.126.net/static_public/5c51482cf8a93b7fc8cf42cb/vipcashier.55a4fc69829a3a06a5b9.umd.js:16)
  t (https://s5.music.126.net/static_public/5c51482cf8a93b7fc8cf42cb/vipcashier.55a4fc69829a3a06a5b9.umd.js:1)
  (anonymous function) (https://s5.music.126.net/static_public/5c51482cf8a93b7fc8cf42cb/vipcashier.55a4fc69829a3a06a5b9.umd.js:1)
  (anonymous function) (https://s5.music.126.net/static_public/5c51482cf8a93b7fc8cf42cb/vipcashier.55a4fc69829a3a06a5b9.umd.js:1)
  (anonymous function) (https://s5.music.126.net/static_public/5c51482cf8a93b7fc8cf42cb/vipcashier.55a4fc69829a3a06a5b9.umd.js:1)

  phantomjs://platform/console++.js:263 in error
[ERROR - 2019-05-18T08:31:33.407Z] Session [56ec0ca0-7947-11e9-ae17-afec028e3f23] - page.onError - msg: ReferenceError: Can't find variable: Set

  phantomjs://platform/console++.js:263 in error
[ERROR - 2019-05-18T08:31:33.407Z] Session [56ec0ca0-7947-11e9-ae17-afec028e3f23] - page.onError - stack:
  (anonymous function) (https://s5.music.126.net/static_public/5c51482cf8a93b7fc8cf42cb/vipcashier.55a4fc69829a3a06a5b9.umd.js:32)
  t (https://s5.music.126.net/static_public/5c51482cf8a93b7fc8cf42cb/vipcashier.55a4fc69829a3a06a5b9.umd.js:1)
  (anonymous function) (https://s5.music.126.net/static_public/5c51482cf8a93b7fc8cf42cb/vipcashier.55a4fc69829a3a06a5b9.umd.js:1)
  t (https://s5.music.126.net/static_public/5c51482cf8a93b7fc8cf42cb/vipcashier.55a4fc69829a3a06a5b9.umd.js:1)
  (anonymous function) (https://s5.music.126.net/static_public/5c51482cf8a93b7fc8cf42cb/vipcashier.55a4fc69829a3a06a5b9.umd.js:16)
  t (https://s5.music.126.net/static_public/5c51482cf8a93b7fc8cf42cb/vipcashier.55a4fc69829a3a06a5b9.umd.js:1)
  (anonymous function) (https://s5.music.126.net/static_public/5c51482cf8a93b7fc8cf42cb/vipcashier.55a4fc69829a3a06a5b9.umd.js:1)
  (anonymous function) (https://s5.music.126.net/static_public/5c51482cf8a93b7fc8cf42cb/vipcashier.55a4fc69829a3a06a5b9.umd.js:1)
  (anonymous function) (https://s5.music.126.net/static_public/5c51482cf8a93b7fc8cf42cb/vipcashier.55a4fc69829a3a06a5b9.umd.js:1)

  phantomjs://platform/console++.js:263 in error
